<?xml version="1.0" encoding="UTF-8"?>
<!-- Generated by org.testng.reporters.JUnitReportReporter -->
<testsuite hostname="user-PC" name="naukriRunnerFiles.CommonRunnerFile" tests="1" failures="0" timestamp="27 Jun 2020 03:43:37 GMT" time="78.450" errors="0">
  <testcase name="feature" time="78.450" classname="naukriRunnerFiles.CommonRunnerFile"/>
</testsuite> <!-- naukriRunnerFiles.CommonRunnerFile -->
